<?xml version="1.0" encoding="UTF-8"?>
<!-- Generated by org.testng.reporters.JUnitXMLReporter -->
<testsuite ignored="0" hostname="LAPTOP-P61I87S9" failures="0" tests="12" name="Test" time="0.267" errors="0" timestamp="2024-02-21T08:23:17 IST">
  <testcase classname="test.Day2" name="testm1" time="0.021"/>
  <testcase classname="test.Day2" name="testm2" time="0.002"/>
  <testcase classname="test.Day2" name="testm3" time="0.004"/>
  <testcase classname="test.Day2" name="testm4" time="0.004"/>
  <testcase classname="test.Day2" name="testm5" time="0.012"/>
  <testcase classname="test.Day2" name="testm6" time="0.042"/>
  <testcase classname="test.Day1" name="testm1" time="0.007"/>
  <testcase classname="test.Day1" name="testm2" time="0.007"/>
  <testcase classname="test.Day1" name="testm3" time="0.002"/>
  <testcase classname="test.Day1" name="testm4" time="0.003"/>
  <testcase classname="test.Day1" name="testm5" time="0.002"/>
  <testcase classname="test.Day1" name="testm6" time="0.002"/>
</testsuite> <!-- Test -->
