<?xml version="1.0" encoding="UTF-8"?>
<testng-results ignored="0" total="12" passed="12" failed="0" skipped="0">
  <reporter-output>
  </reporter-output>
  <suite started-at="2024-02-18T07:27:18 IST" name="Suite" finished-at="2024-02-18T07:27:18 IST" duration-ms="156">
    <groups>
    </groups>
    <test started-at="2024-02-18T07:27:18 IST" name="Test" finished-at="2024-02-18T07:27:18 IST" duration-ms="156">
      <class name="test.Day1">
        <test-method signature="testm1()[pri:0, instance:test.Day1@193f604a]" started-at="2024-02-18T07:27:18 IST" name="testm1" finished-at="2024-02-18T07:27:18 IST" duration-ms="4" status="PASS">
          <reporter-output>
          </reporter-output>
        </test-method> <!-- testm1 -->
        <test-method signature="testm2()[pri:0, instance:test.Day1@193f604a]" started-at="2024-02-18T07:27:18 IST" name="testm2" finished-at="2024-02-18T07:27:18 IST" duration-ms="3" status="PASS">
          <reporter-output>
          </reporter-output>
        </test-method> <!-- testm2 -->
        <test-method signature="testm3()[pri:0, instance:test.Day1@193f604a]" started-at="2024-02-18T07:27:18 IST" name="testm3" finished-at="2024-02-18T07:27:18 IST" duration-ms="8" status="PASS">
          <reporter-output>
          </reporter-output>
        </test-method> <!-- testm3 -->
        <test-method signature="testm4()[pri:0, instance:test.Day1@193f604a]" started-at="2024-02-18T07:27:18 IST" name="testm4" finished-at="2024-02-18T07:27:18 IST" duration-ms="1" status="PASS">
          <reporter-output>
          </reporter-output>
        </test-method> <!-- testm4 -->
        <test-method signature="testm5()[pri:0, instance:test.Day1@193f604a]" started-at="2024-02-18T07:27:18 IST" name="testm5" finished-at="2024-02-18T07:27:18 IST" duration-ms="2" status="PASS">
          <reporter-output>
          </reporter-output>
        </test-method> <!-- testm5 -->
        <test-method signature="testm6()[pri:0, instance:test.Day1@193f604a]" started-at="2024-02-18T07:27:18 IST" name="testm6" finished-at="2024-02-18T07:27:18 IST" duration-ms="1" status="PASS">
          <reporter-output>
          </reporter-output>
        </test-method> <!-- testm6 -->
      </class> <!-- test.Day1 -->
      <class name="test.Day2">
        <test-method signature="testm1()[pri:0, instance:test.Day2@41fecb8b]" started-at="2024-02-18T07:27:18 IST" name="testm1" finished-at="2024-02-18T07:27:18 IST" duration-ms="9" status="PASS">
          <reporter-output>
          </reporter-output>
        </test-method> <!-- testm1 -->
        <test-method signature="testm2()[pri:0, instance:test.Day2@41fecb8b]" started-at="2024-02-18T07:27:18 IST" name="testm2" finished-at="2024-02-18T07:27:18 IST" duration-ms="1" status="PASS">
          <reporter-output>
          </reporter-output>
        </test-method> <!-- testm2 -->
        <test-method signature="testm3()[pri:0, instance:test.Day2@41fecb8b]" started-at="2024-02-18T07:27:18 IST" name="testm3" finished-at="2024-02-18T07:27:18 IST" duration-ms="3" status="PASS">
          <reporter-output>
          </reporter-output>
        </test-method> <!-- testm3 -->
        <test-method signature="testm4()[pri:0, instance:test.Day2@41fecb8b]" started-at="2024-02-18T07:27:18 IST" name="testm4" finished-at="2024-02-18T07:27:18 IST" duration-ms="4" status="PASS">
          <reporter-output>
          </reporter-output>
        </test-method> <!-- testm4 -->
        <test-method signature="testm5()[pri:0, instance:test.Day2@41fecb8b]" started-at="2024-02-18T07:27:18 IST" name="testm5" finished-at="2024-02-18T07:27:18 IST" duration-ms="2" status="PASS">
          <reporter-output>
          </reporter-output>
        </test-method> <!-- testm5 -->
        <test-method signature="testm6()[pri:0, instance:test.Day2@41fecb8b]" started-at="2024-02-18T07:27:18 IST" name="testm6" finished-at="2024-02-18T07:27:18 IST" duration-ms="2" status="PASS">
          <reporter-output>
          </reporter-output>
        </test-method> <!-- testm6 -->
      </class> <!-- test.Day2 -->
    </test> <!-- Test -->
  </suite> <!-- Suite -->
</testng-results>
